# JRE version: Java(TM) SE Runtime Environment (8.0_51-b16) (build 1.8.0_51-b16)
# Java VM: Java HotSpot(TM) 64-Bit Server VM (25.51-b03 mixed mode windows-amd64 compressed oops)
Heap:
 PSYoungGen      total 220160K, used 168726K [0x00000000eab00000, 0x00000000fdb80000, 0x0000000100000000)
  eden space 150528K, 65% used [0x00000000eab00000,0x00000000f0bccf00,0x00000000f3e00000)
  from space 69632K, 99% used [0x00000000f3e00000,0x00000000f81f89e0,0x00000000f8200000)
  to   space 55808K, 0% used [0x00000000f8200000,0x00000000f8200000,0x00000000fb880000)
 ParOldGen       total 199680K, used 130229K [0x00000000c0000000, 0x00000000cc300000, 0x00000000eab00000)
  object space 199680K, 65% used [0x00000000c0000000,0x00000000c7f2d6d0,0x00000000cc300000)
 Metaspace       used 6251K, capacity 7156K, committed 7296K, reserved 1056768K
  class space    used 605K, capacity 620K, committed 640K, reserved 1048576K
GC Heap History (10 events):
Event: 16.920 GC heap before
{Heap before GC invocations=7 (full 1):
 PSYoungGen      total 71680K, used 66560K [0x00000000eab00000, 0x00000000f6b00000, 0x0000000100000000)
  eden space 66560K, 100% used [0x00000000eab00000,0x00000000eec00000,0x00000000eec00000)
  from space 5120K, 0% used [0x00000000eec00000,0x00000000eec00000,0x00000000ef100000)
  to   space 31744K, 0% used [0x00000000f4c00000,0x00000000f4c00000,0x00000000f6b00000)
 ParOldGen       total 89600K, used 17497K [0x00000000c0000000, 0x00000000c5780000, 0x00000000eab00000)
  object space 89600K, 19% used [0x00000000c0000000,0x00000000c1116688,0x00000000c5780000)
 Metaspace       used 6232K, capacity 7156K, committed 7296K, reserved 1056768K
  class space    used 605K, capacity 620K, committed 640K, reserved 1048576K
Event: 16.940 GC heap after
Heap after GC invocations=7 (full 1):
 PSYoungGen      total 122880K, used 17749K [0x00000000eab00000, 0x00000000f5d80000, 0x0000000100000000)
  eden space 104960K, 0% used [0x00000000eab00000,0x00000000eab00000,0x00000000f1180000)
  from space 17920K, 99% used [0x00000000f4c00000,0x00000000f5d55520,0x00000000f5d80000)
  to   space 29696K, 0% used [0x00000000f2380000,0x00000000f2380000,0x00000000f4080000)
 ParOldGen       total 89600K, used 17497K [0x00000000c0000000, 0x00000000c5780000, 0x00000000eab00000)
  object space 89600K, 19% used [0x00000000c0000000,0x00000000c1116688,0x00000000c5780000)
 Metaspace       used 6232K, capacity 7156K, committed 7296K, reserved 1056768K
  class space    used 605K, capacity 620K, committed 640K, reserved 1048576K
}
Event: 19.370 GC heap before
{Heap before GC invocations=8 (full 1):
 PSYoungGen      total 122880K, used 122709K [0x00000000eab00000, 0x00000000f5d80000, 0x0000000100000000)
  eden space 104960K, 100% used [0x00000000eab00000,0x00000000f1180000,0x00000000f1180000)
  from space 17920K, 99% used [0x00000000f4c00000,0x00000000f5d55520,0x00000000f5d80000)
  to   space 29696K, 0% used [0x00000000f2380000,0x00000000f2380000,0x00000000f4080000)
 ParOldGen       total 89600K, used 17497K [0x00000000c0000000, 0x00000000c5780000, 0x00000000eab00000)
  object space 89600K, 19% used [0x00000000c0000000,0x00000000c1116688,0x00000000c5780000)
 Metaspace       used 6238K, capacity 7156K, committed 7296K, reserved 1056768K
  class space    used 605K, capacity 620K, committed 640K, reserved 1048576K
Event: 19.780 GC heap after
Heap after GC invocations=8 (full 1):
 PSYoungGen      total 153088K, used 29669K [0x00000000eab00000, 0x00000000fb880000, 0x0000000100000000)
  eden space 123392K, 0% used [0x00000000eab00000,0x00000000eab00000,0x00000000f2380000)
  from space 29696K, 99% used [0x00000000f2380000,0x00000000f4079708,0x00000000f4080000)
  to   space 55808K, 0% used [0x00000000f8200000,0x00000000f8200000,0x00000000fb880000)
 ParOldGen       total 89600K, used 61023K [0x00000000c0000000, 0x00000000c5780000, 0x00000000eab00000)
  object space 89600K, 68% used [0x00000000c0000000,0x00000000c3b97c08,0x00000000c5780000)
 Metaspace       used 6238K, capacity 7156K, committed 7296K, reserved 1056768K
  class space    used 605K, capacity 620K, committed 640K, reserved 1048576K
}
Event: 19.780 GC heap before
{Heap before GC invocations=9 (full 2):
 PSYoungGen      total 153088K, used 29669K [0x00000000eab00000, 0x00000000fb880000, 0x0000000100000000)
  eden space 123392K, 0% used [0x00000000eab00000,0x00000000eab00000,0x00000000f2380000)
  from space 29696K, 99% used [0x00000000f2380000,0x00000000f4079708,0x00000000f4080000)
  to   space 55808K, 0% used [0x00000000f8200000,0x00000000f8200000,0x00000000fb880000)
 ParOldGen       total 89600K, used 61023K [0x00000000c0000000, 0x00000000c5780000, 0x00000000eab00000)
  object space 89600K, 68% used [0x00000000c0000000,0x00000000c3b97c08,0x00000000c5780000)
 Metaspace       used 6238K, capacity 7156K, committed 7296K, reserved 1056768K
  class space    used 605K, capacity 620K, committed 640K, reserved 1048576K
Event: 21.614 GC heap after
Heap after GC invocations=9 (full 2):
 PSYoungGen      total 153088K, used 0K [0x00000000eab00000, 0x00000000fb880000, 0x0000000100000000)
  eden space 123392K, 0% used [0x00000000eab00000,0x00000000eab00000,0x00000000f2380000)
  from space 29696K, 0% used [0x00000000f2380000,0x00000000f2380000,0x00000000f4080000)
  to   space 55808K, 0% used [0x00000000f8200000,0x00000000f8200000,0x00000000fb880000)
 ParOldGen       total 199680K, used 88650K [0x00000000c0000000, 0x00000000cc300000, 0x00000000eab00000)
  object space 199680K, 44% used [0x00000000c0000000,0x00000000c5692940,0x00000000cc300000)
 Metaspace       used 6238K, capacity 7156K, committed 7296K, reserved 1056768K
  class space    used 605K, capacity 620K, committed 640K, reserved 1048576K
}
Event: 21.849 GC heap before
{Heap before GC invocations=10 (full 2):
 PSYoungGen      total 153088K, used 123392K [0x00000000eab00000, 0x00000000fb880000, 0x0000000100000000)
  eden space 123392K, 100% used [0x00000000eab00000,0x00000000f2380000,0x00000000f2380000)
  from space 29696K, 0% used [0x00000000f2380000,0x00000000f2380000,0x00000000f4080000)
  to   space 55808K, 0% used [0x00000000f8200000,0x00000000f8200000,0x00000000fb880000)
 ParOldGen       total 199680K, used 88650K [0x00000000c0000000, 0x00000000cc300000, 0x00000000eab00000)
  object space 199680K, 44% used [0x00000000c0000000,0x00000000c5692940,0x00000000cc300000)
 Metaspace       used 6238K, capacity 7156K, committed 7296K, reserved 1056768K
  class space    used 605K, capacity 620K, committed 640K, reserved 1048576K
Event: 22.003 GC heap after
Heap after GC invocations=10 (full 2):
 PSYoungGen      total 206336K, used 55792K [0x00000000eab00000, 0x00000000fdb80000, 0x0000000100000000)
  eden space 150528K, 0% used [0x00000000eab00000,0x00000000eab00000,0x00000000f3e00000)
  from space 55808K, 99% used [0x00000000f8200000,0x00000000fb87c3b8,0x00000000fb880000)
  to   space 69632K, 0% used [0x00000000f3e00000,0x00000000f3e00000,0x00000000f8200000)
 ParOldGen       total 199680K, used 98338K [0x00000000c0000000, 0x00000000cc300000, 0x00000000eab00000)
  object space 199680K, 49% used [0x00000000c0000000,0x00000000c6008940,0x00000000cc300000)
 Metaspace       used 6238K, capacity 7156K, committed 7296K, reserved 1056768K
  class space    used 605K, capacity 620K, committed 640K, reserved 1048576K
}
Event: 23.335 GC heap before
{Heap before GC invocations=11 (full 2):
 PSYoungGen      total 206336K, used 206320K [0x00000000eab00000, 0x00000000fdb80000, 0x0000000100000000)
  eden space 150528K, 100% used [0x00000000eab00000,0x00000000f3e00000,0x00000000f3e00000)
  from space 55808K, 99% used [0x00000000f8200000,0x00000000fb87c3b8,0x00000000fb880000)
  to   space 69632K, 0% used [0x00000000f3e00000,0x00000000f3e00000,0x00000000f8200000)
 ParOldGen       total 199680K, used 98338K [0x00000000c0000000, 0x00000000cc300000, 0x00000000eab00000)
  object space 199680K, 49% used [0x00000000c0000000,0x00000000c6008940,0x00000000cc300000)
 Metaspace       used 6238K, capacity 7156K, committed 7296K, reserved 1056768K
  class space    used 605K, capacity 620K, committed 640K, reserved 1048576K
Event: 23.524 GC heap after
Heap after GC invocations=11 (full 2):
 PSYoungGen      total 220160K, used 69602K [0x00000000eab00000, 0x00000000fdb80000, 0x0000000100000000)
  eden space 150528K, 0% used [0x00000000eab00000,0x00000000eab00000,0x00000000f3e00000)
  from space 69632K, 99% used [0x00000000f3e00000,0x00000000f81f89e0,0x00000000f8200000)
  to   space 55808K, 0% used [0x00000000f8200000,0x00000000f8200000,0x00000000fb880000)
 ParOldGen       total 199680K, used 130229K [0x00000000c0000000, 0x00000000cc300000, 0x00000000eab00000)
  object space 199680K, 65% used [0x00000000c0000000,0x00000000c7f2d6d0,0x00000000cc300000)
 Metaspace       used 6238K, capacity 7156K, committed 7296K, reserved 1056768K
  class space    used 605K, capacity 620K, committed 640K, reserved 1048576K
}

